\BOOKMARK [1][-]{section.1}{Wprowadzenie}{}% 1
\BOOKMARK [2][-]{subsection.1.1}{Aplikacje czasu rzeczywistego}{section.1}% 2
\BOOKMARK [2][-]{subsection.1.2}{Opis dzia\233ania}{section.1}% 3
\BOOKMARK [2][-]{subsection.1.3}{Grupa docelowa}{section.1}% 4
\BOOKMARK [1][-]{section.2}{Uzyte technologie}{}% 5
\BOOKMARK [2][-]{subsection.2.1}{.Net Core}{section.2}% 6
\BOOKMARK [2][-]{subsection.2.2}{Entity Framework}{section.2}% 7
\BOOKMARK [2][-]{subsection.2.3}{SignalR}{section.2}% 8
\BOOKMARK [2][-]{subsection.2.4}{MySql}{section.2}% 9
\BOOKMARK [2][-]{subsection.2.5}{Angular}{section.2}% 10
\BOOKMARK [1][-]{section.3}{Projekt}{}% 11
\BOOKMARK [2][-]{subsection.3.1}{Struktura projektu}{section.3}% 12
\BOOKMARK [2][-]{subsection.3.2}{Diagram Gantta}{section.3}% 13
\BOOKMARK [2][-]{subsection.3.3}{Use Cases}{section.3}% 14
\BOOKMARK [2][-]{subsection.3.4}{Struktura bazy danych}{section.3}% 15
\BOOKMARK [2][-]{subsection.3.5}{Komunikacja z web serwisem}{section.3}% 16
\BOOKMARK [2][-]{subsection.3.6}{Diagram klas}{section.3}% 17
\BOOKMARK [1][-]{section.4}{Implementacja}{}% 18
\BOOKMARK [2][-]{subsection.4.1}{Modele bazy danych}{section.4}% 19
\BOOKMARK [2][-]{subsection.4.2}{Modele DTO}{section.4}% 20
\BOOKMARK [2][-]{subsection.4.3}{Implementacja kontroler\363w}{section.4}% 21
\BOOKMARK [2][-]{subsection.4.4}{Problemy i ich rozwiazania}{section.4}% 22
\BOOKMARK [1][-]{section.5}{Testy}{}% 23
\BOOKMARK [2][-]{subsection.5.1}{Testy jednostkowe}{section.5}% 24
\BOOKMARK [2][-]{subsection.5.2}{Testy integracyjne}{section.5}% 25
\BOOKMARK [1][-]{section.6}{Opis wk\233adu w\233asnego w realizacje projektu}{}% 26
\BOOKMARK [2][-]{subsection.6.1}{Stworzenie i konfiguracja bazy danych}{section.6}% 27
\BOOKMARK [2][-]{subsection.6.2}{Stworzenie systemu logowania i rejestracji}{section.6}% 28
\BOOKMARK [2][-]{subsection.6.3}{Autoryzacja i autentykacja uzytkownik\363w}{section.6}% 29
\BOOKMARK [2][-]{subsection.6.4}{Konfiguracja srodowiska i serwera}{section.6}% 30
\BOOKMARK [2][-]{subsection.6.5}{Strona internetowa opracowana w Angular}{section.6}% 31
\BOOKMARK [2][-]{subsection.6.6}{Implementacja zarzadzania wiadomosciami}{section.6}% 32
\BOOKMARK [2][-]{subsection.6.7}{Implementacja zarzadzania powiadomieniami}{section.6}% 33
\BOOKMARK [2][-]{subsection.6.8}{Implementacja zarzadzania chatami}{section.6}% 34
\BOOKMARK [2][-]{subsection.6.9}{Obs\233uga SignalR}{section.6}% 35
\BOOKMARK [1][-]{section.7}{Podsumowanie}{}% 36
\BOOKMARK [2][-]{subsection.7.1}{Wnioski}{section.7}% 37
\BOOKMARK [2][-]{subsection.7.2}{Do zrealizowania przy dalszym rozwoju}{section.7}% 38
